生成启动时间为 2019\5\14 星期二 0:11:18。
     1>项目“E:\VTS\vts-radar\Radar\Radar\Radar.vcxproj”在节点 2 上(Build 个目标)。
     1>ClCompile:
         C:\Program Files (x86)\Microsoft Visual Studio 12.0\VC\bin\CL.exe /c /ZI /nologo /W3 /WX- /sdl /Od /Oy- /D WIN32 /D _WINDOWS /D _DEBUG /D _CRT_SECURE_NO_DEPRECATE /D _WINSOCK_DEPRECATED_NO_WARNINGS /D _UNICODE /D UNICODE /D _AFXDLL /Gm /EHsc /RTC1 /MDd /GS /fp:precise /Zc:wchar_t /Zc:forScope /Yu"stdafx.h" /Fp"Debug\Radar.pch" /Fo"Debug\\" /Fd"Debug\vc120.pdb" /Gd /TP /analyze- /errorReport:prompt vtsRadar.cpp
         vtsRadar.cpp
     1>e:\vts\vts-radar\radar\radar\vtsradar.cpp(280): warning C4018: “<”: 有符号/无符号不匹配
     1>e:\vts\vts-radar\radar\radar\vtsradar.cpp(307): warning C4018: “<”: 有符号/无符号不匹配
     1>e:\vts\vts-radar\radar\radar\vtsradar.cpp(310): warning C4018: “<”: 有符号/无符号不匹配
     1>e:\vts\vts-radar\radar\radar\vtsradar.cpp(324): warning C4018: “<”: 有符号/无符号不匹配
     1>e:\vts\vts-radar\radar\radar\vtsradar.cpp(327): warning C4018: “<”: 有符号/无符号不匹配
     1>e:\vts\vts-radar\radar\radar\vtsradar.cpp(333): warning C4018: “<”: 有符号/无符号不匹配
     1>e:\vts\vts-radar\radar\radar\vtsradar.cpp(397): warning C4101: “e”: 未引用的局部变量
     1>e:\vts\vts-radar\radar\radar\vtsradar.cpp(460): warning C4018: “<”: 有符号/无符号不匹配
     1>e:\vts\vts-radar\radar\radar\vtsradar.cpp(461): warning C4018: “<”: 有符号/无符号不匹配
     1>e:\vts\vts-radar\radar\radar\vtsradar.cpp(612): warning C4018: “<”: 有符号/无符号不匹配
     1>e:\vts\vts-radar\radar\radar\vtsradar.cpp(617): warning C4018: “<”: 有符号/无符号不匹配
     1>e:\vts\vts-radar\radar\radar\vtsradar.cpp(766): warning C4018: “>=”: 有符号/无符号不匹配
     1>e:\vts\vts-radar\radar\radar\vtsradar.cpp(770): warning C4018: “>=”: 有符号/无符号不匹配
     1>e:\vts\vts-radar\radar\radar\vtsradar.cpp(789): warning C4018: “<”: 有符号/无符号不匹配
     1>e:\vts\vts-radar\radar\radar\vtsradar.cpp(830): warning C4244: “初始化”: 从“double”转换到“const float”，可能丢失数据
     1>e:\vts\vts-radar\radar\radar\vtsradar.cpp(831): warning C4244: “初始化”: 从“double”转换到“const float”，可能丢失数据
     1>e:\vts\vts-radar\radar\radar\vtsradar.cpp(834): warning C4018: “<”: 有符号/无符号不匹配
     1>e:\vts\vts-radar\radar\radar\vtsradar.cpp(846): warning C4018: “<”: 有符号/无符号不匹配
     1>e:\vts\vts-radar\radar\radar\vtsradar.cpp(858): warning C4018: “<”: 有符号/无符号不匹配
     1>e:\vts\vts-radar\radar\radar\vtsradar.cpp(871): warning C4018: “<”: 有符号/无符号不匹配
     1>e:\vts\vts-radar\radar\radar\vtsradar.cpp(884): warning C4018: “<”: 有符号/无符号不匹配
     1>e:\vts\vts-radar\radar\radar\vtsradar.cpp(902): warning C4018: “<”: 有符号/无符号不匹配
     1>e:\vts\vts-radar\radar\radar\vtsradar.cpp(844): warning C4101: “obsH”: 未引用的局部变量
     1>e:\vts\vts-radar\radar\radar\vtsradar.cpp(914): warning C4244: “=”: 从“int”转换到“Gdiplus::REAL”，可能丢失数据
     1>e:\vts\vts-radar\radar\radar\vtsradar.cpp(915): warning C4244: “=”: 从“int”转换到“Gdiplus::REAL”，可能丢失数据
     1>e:\vts\vts-radar\radar\radar\vtsradar.cpp(920): warning C4244: “=”: 从“int”转换到“Gdiplus::REAL”，可能丢失数据
     1>e:\vts\vts-radar\radar\radar\vtsradar.cpp(921): warning C4244: “=”: 从“int”转换到“Gdiplus::REAL”，可能丢失数据
     1>e:\vts\vts-radar\radar\radar\vtsradar.cpp(978): warning C4244: “初始化”: 从“double”转换到“int”，可能丢失数据
     1>e:\vts\vts-radar\radar\radar\vtsradar.cpp(1056): warning C4244: “初始化”: 从“const double”转换到“int”，可能丢失数据
     1>e:\vts\vts-radar\radar\radar\vtsradar.cpp(1058): warning C4244: “初始化”: 从“const double”转换到“int”，可能丢失数据
       Link:
         C:\Program Files (x86)\Microsoft Visual Studio 12.0\VC\bin\link.exe /ERRORREPORT:PROMPT /OUT:"E:\VTS\vts-radar\Radar\Debug\Radar.exe" /INCREMENTAL /NOLOGO /MANIFEST /MANIFESTUAC:"level='asInvoker' uiAccess='false'" /manifest:embed /manifestinput:"C:\Program Files (x86)\Microsoft Visual Studio 12.0\VC\Include\Manifest\dpiaware.manifest" /DEBUG /PDB:"E:\VTS\vts-radar\Radar\Debug\Radar.pdb" /SUBSYSTEM:WINDOWS /STACK:"80000000" /TLBID:1 /ENTRY:"wWinMainCRTStartup" /DYNAMICBASE /NXCOMPAT /IMPLIB:"E:\VTS\vts-radar\Radar\Debug\Radar.lib" /MACHINE:X86 Debug\Radar.res
         Debug\aisdecode.obj
         Debug\BitmapEx.obj
         Debug\DemTools.obj
         Debug\GlobalVariables.obj
         Debug\Host.obj
         Debug\MyMemDC.obj
         Debug\ShipInfo.obj
         Debug\ThreadLiGongConnect.obj
         Debug\IPConfig.obj
         Debug\MainFrm.obj
         Debug\MyString.obj
         Debug\PublicMethod.obj
         Debug\QuadTree.obj
         Debug\Radar.obj
         Debug\RadarDoc.obj
         Debug\ThreadRadar.obj
         Debug\RadarView.obj
         Debug\RWLockImpl.obj
         Debug\ShipDataService.obj
         Debug\stdafx.obj
         Debug\ThreadVts.obj
         Debug\vtsDEM.obj
         Debug\vtsDemData.obj
         Debug\vtsRadar.obj
         Radar.vcxproj -> E:\VTS\vts-radar\Radar\Debug\Radar.exe
     1>已完成生成项目“E:\VTS\vts-radar\Radar\Radar\Radar.vcxproj”(Build 个目标)的操作。

生成成功。

已用时间 00:00:02.38
