c:\雷达2.3\radar\radar\debug\radar.pch
c:\雷达2.3\radar\radar\debug\vc120.pdb
c:\雷达2.3\radar\radar\debug\vc120.idb
c:\雷达2.3\radar\radar\debug\stdafx.obj
c:\雷达2.3\radar\radar\debug\aisdecode.obj
c:\雷达2.3\radar\radar\debug\bitmapex.obj
c:\雷达2.3\radar\radar\debug\mainfrm.obj
c:\雷达2.3\radar\radar\debug\quadtree.obj
c:\雷达2.3\radar\radar\debug\radar.obj
c:\雷达2.3\radar\radar\debug\radardoc.obj
c:\雷达2.3\radar\radar\debug\radarview.obj
c:\雷达2.3\radar\radar\debug\rwlockimpl.obj
c:\雷达2.3\radar\debug\radar.ilk
c:\雷达2.3\radar\debug\radar.exe
c:\雷达2.3\radar\debug\radar.pdb
c:\雷达2.3\radar\radar\debug\radar.res
c:\雷达2.3\radar\radar\debug\radar.tlog\cl.command.1.tlog
c:\雷达2.3\radar\radar\debug\radar.tlog\cl.read.1.tlog
c:\雷达2.3\radar\radar\debug\radar.tlog\cl.write.1.tlog
c:\雷达2.3\radar\radar\debug\radar.tlog\link.command.1.tlog
c:\雷达2.3\radar\radar\debug\radar.tlog\link.read.1.tlog
c:\雷达2.3\radar\radar\debug\radar.tlog\link.write.1.tlog
c:\雷达2.3\radar\radar\debug\radar.tlog\rc.command.1.tlog
c:\雷达2.3\radar\radar\debug\radar.tlog\rc.read.1.tlog
c:\雷达2.3\radar\radar\debug\radar.tlog\rc.write.1.tlog
