生成启动时间为 2019\5\13 星期一 15:38:03。
     1>项目“E:\VTS\vts-radar\Radar\Radar\Radar.vcxproj”在节点 2 上(Build 个目标)。
     1>ClCompile:
         C:\Program Files (x86)\Microsoft Visual Studio 12.0\VC\bin\CL.exe /c /Zi /nologo /W3 /WX- /sdl /O2 /Oi /Oy- /GL /D WIN32 /D _WINDOWS /D NDEBUG /D _CRT_SECURE_NO_WARNINGS /D _WINSOCK_DEPRECATED_NO_WARNINGS /D _UNICODE /D UNICODE /D _AFXDLL /Gm- /EHsc /MD /GS /Gy /fp:precise /Zc:wchar_t /Zc:forScope /Yc"stdafx.h" /Fp"Release\Radar.pch" /Fo"Release\\" /Fd"Release\vc120.pdb" /Gd /TP /analyze- /errorReport:prompt stdafx.cpp
         stdafx.cpp
         C:\Program Files (x86)\Microsoft Visual Studio 12.0\VC\bin\CL.exe /c /Zi /nologo /W3 /WX- /sdl /O2 /Oi /Oy- /GL /D WIN32 /D _WINDOWS /D NDEBUG /D _CRT_SECURE_NO_WARNINGS /D _WINSOCK_DEPRECATED_NO_WARNINGS /D _UNICODE /D UNICODE /D _AFXDLL /Gm- /EHsc /MD /GS /Gy /fp:precise /Zc:wchar_t /Zc:forScope /Yu"stdafx.h" /Fp"Release\Radar.pch" /Fo"Release\\" /Fd"Release\vc120.pdb" /Gd /TP /analyze- /errorReport:prompt aisdecode.cpp BitmapEx.cpp DemTools.cpp GlobalVariables.cpp Host.cpp MyMemDC.cpp ShipInfo.cpp ThreadLiGongConnect.cpp IPConfig.cpp MainFrm.cpp MyString.cpp PublicMethod.cpp QuadTree.cpp Radar.cpp RadarDoc.cpp ThreadRadar.cpp RadarView.cpp RWLockImpl.cpp ShipDataService.cpp ThreadVts.cpp vtsDEM.cpp vtsDemData.cpp vtsRadar.cpp
         aisdecode.cpp
     1>aisdecode.cpp(116): warning C4334: “<<”: 32 位移位的结果被隐式转换为 64 位(是否希望进行 64 位移位?)
     1>aisdecode.cpp(256): warning C4244: “=”: 从“unsigned __int64”转换到“unsigned int”，可能丢失数据
     1>aisdecode.cpp(257): warning C4244: “=”: 从“unsigned __int64”转换到“unsigned int”，可能丢失数据
     1>aisdecode.cpp(258): warning C4244: “=”: 从“unsigned __int64”转换到“unsigned int”，可能丢失数据
     1>aisdecode.cpp(281): warning C4244: “=”: 从“unsigned __int64”转换到“unsigned int”，可能丢失数据
     1>aisdecode.cpp(282): warning C4244: “=”: 从“__int64”转换到“int”，可能丢失数据
     1>aisdecode.cpp(283): warning C4244: “=”: 从“unsigned __int64”转换到“unsigned int”，可能丢失数据
     1>aisdecode.cpp(284): warning C4800: “unsigned __int64”: 将值强制为布尔值“true”或“false”(性能警告)
     1>aisdecode.cpp(285): warning C4244: “=”: 从“__int64”转换到“int”，可能丢失数据
     1>aisdecode.cpp(286): warning C4244: “=”: 从“__int64”转换到“int”，可能丢失数据
     1>aisdecode.cpp(287): warning C4244: “=”: 从“unsigned __int64”转换到“unsigned int”，可能丢失数据
     1>aisdecode.cpp(288): warning C4244: “=”: 从“unsigned __int64”转换到“unsigned int”，可能丢失数据
     1>aisdecode.cpp(354): warning C4244: “=”: 从“unsigned __int64”转换到“unsigned int”，可能丢失数据
     1>aisdecode.cpp(355): warning C4244: “=”: 从“unsigned __int64”转换到“unsigned int”，可能丢失数据
     1>aisdecode.cpp(356): warning C4244: “=”: 从“unsigned __int64”转换到“unsigned int”，可能丢失数据
     1>aisdecode.cpp(357): warning C4244: “=”: 从“unsigned __int64”转换到“unsigned int”，可能丢失数据
     1>aisdecode.cpp(358): warning C4244: “=”: 从“unsigned __int64”转换到“unsigned int”，可能丢失数据
     1>aisdecode.cpp(360): warning C4244: “=”: 从“unsigned __int64”转换到“unsigned int”，可能丢失数据
     1>aisdecode.cpp(361): warning C4244: “=”: 从“unsigned __int64”转换到“unsigned int”，可能丢失数据
     1>aisdecode.cpp(362): warning C4244: “=”: 从“unsigned __int64”转换到“unsigned int”，可能丢失数据
     1>aisdecode.cpp(363): warning C4244: “=”: 从“unsigned __int64”转换到“unsigned int”，可能丢失数据
     1>aisdecode.cpp(364): warning C4244: “=”: 从“unsigned __int64”转换到“unsigned int”，可能丢失数据
     1>aisdecode.cpp(602): warning C4244: “=”: 从“unsigned __int64”转换到“unsigned int”，可能丢失数据
     1>aisdecode.cpp(604): warning C4244: “=”: 从“__int64”转换到“int”，可能丢失数据
     1>aisdecode.cpp(605): warning C4244: “=”: 从“__int64”转换到“int”，可能丢失数据
     1>aisdecode.cpp(606): warning C4244: “=”: 从“unsigned __int64”转换到“unsigned int”，可能丢失数据
     1>aisdecode.cpp(607): warning C4244: “=”: 从“unsigned __int64”转换到“unsigned int”，可能丢失数据
     1>aisdecode.cpp(638): warning C4244: “=”: 从“unsigned __int64”转换到“unsigned int”，可能丢失数据
     1>aisdecode.cpp(640): warning C4244: “=”: 从“__int64”转换到“int”，可能丢失数据
     1>aisdecode.cpp(641): warning C4244: “=”: 从“__int64”转换到“int”，可能丢失数据
     1>aisdecode.cpp(642): warning C4244: “=”: 从“unsigned __int64”转换到“unsigned int”，可能丢失数据
     1>aisdecode.cpp(643): warning C4244: “=”: 从“unsigned __int64”转换到“unsigned int”，可能丢失数据
     1>aisdecode.cpp(647): warning C4244: “=”: 从“unsigned __int64”转换到“unsigned int”，可能丢失数据
     1>aisdecode.cpp(648): warning C4244: “=”: 从“unsigned __int64”转换到“unsigned int”，可能丢失数据
     1>aisdecode.cpp(649): warning C4244: “=”: 从“unsigned __int64”转换到“unsigned int”，可能丢失数据
     1>aisdecode.cpp(650): warning C4244: “=”: 从“unsigned __int64”转换到“unsigned int”，可能丢失数据
     1>aisdecode.cpp(651): warning C4244: “=”: 从“unsigned __int64”转换到“unsigned int”，可能丢失数据
     1>aisdecode.cpp(798): warning C4244: “=”: 从“unsigned __int64”转换到“unsigned int”，可能丢失数据
     1>aisdecode.cpp(802): warning C4244: “=”: 从“unsigned __int64”转换到“unsigned int”，可能丢失数据
     1>aisdecode.cpp(804): warning C4244: “=”: 从“unsigned __int64”转换到“unsigned int”，可能丢失数据
     1>aisdecode.cpp(805): warning C4244: “=”: 从“unsigned __int64”转换到“unsigned int”，可能丢失数据
     1>aisdecode.cpp(806): warning C4244: “=”: 从“unsigned __int64”转换到“unsigned int”，可能丢失数据
     1>aisdecode.cpp(807): warning C4244: “=”: 从“unsigned __int64”转换到“unsigned int”，可能丢失数据
         BitmapEx.cpp
         DemTools.cpp
     1>DemTools.cpp(117): warning C4244: “参数”: 从“float”转换到“int”，可能丢失数据
     1>DemTools.cpp(144): warning C4018: “<”: 有符号/无符号不匹配
     1>DemTools.cpp(219): warning C4244: “初始化”: 从“double”转换到“int”，可能丢失数据
     1>DemTools.cpp(220): warning C4244: “初始化”: 从“double”转换到“int”，可能丢失数据
     1>DemTools.cpp(248): warning C4244: “=”: 从“double”转换到“float”，可能丢失数据
     1>DemTools.cpp(230): warning C4101: “height”: 未引用的局部变量
     1>DemTools.cpp(447): warning C4244: “初始化”: 从“double”转换到“int”，可能丢失数据
     1>DemTools.cpp(448): warning C4244: “初始化”: 从“double”转换到“int”，可能丢失数据
     1>DemTools.cpp(481): warning C4244: “初始化”: 从“double”转换到“float”，可能丢失数据
         GlobalVariables.cpp
         Host.cpp
         MyMemDC.cpp
         ShipInfo.cpp
         ThreadLiGongConnect.cpp
     1>e:\vts\vts-radar\radar\radar\RadarView.h(138): warning C4091: “typedef ”: 没有声明变量时忽略“ARPA_RECORD”的左侧
     1>e:\vts\vts-radar\radar\radar\RadarView.h(146): warning C4091: “typedef ”: 没有声明变量时忽略“Demdata”的左侧
         IPConfig.cpp
         MainFrm.cpp
     1>e:\vts\vts-radar\radar\radar\RadarView.h(38): warning C4005: “PI”: 宏重定义
                 e:\vts\vts-radar\radar\radar\PublicMethod.h(5) : 参见“PI”的前一个定义
     1>e:\vts\vts-radar\radar\radar\RadarView.h(138): warning C4091: “typedef ”: 没有声明变量时忽略“ARPA_RECORD”的左侧
     1>e:\vts\vts-radar\radar\radar\RadarView.h(146): warning C4091: “typedef ”: 没有声明变量时忽略“Demdata”的左侧
         MyString.cpp
         PublicMethod.cpp
     1>PublicMethod.cpp(8): warning C4005: “PI”: 宏重定义
                 e:\vts\vts-radar\radar\radar\PublicMethod.h(5) : 参见“PI”的前一个定义
     1>PublicMethod.cpp(53): warning C4101: “latitude0”: 未引用的局部变量
     1>PublicMethod.cpp(208): warning C4244: “初始化”: 从“std::streamoff”转换到“size_t”，可能丢失数据
     1>PublicMethod.cpp(210): warning C4244: “初始化”: 从“std::streamoff”转换到“size_t”，可能丢失数据
     1>PublicMethod.cpp(218): warning C4244: “初始化”: 从“std::streamoff”转换到“size_t”，可能丢失数据
     1>PublicMethod.cpp(220): warning C4244: “初始化”: 从“std::streamoff”转换到“size_t”，可能丢失数据
     1>PublicMethod.cpp(229): warning C4244: “初始化”: 从“double”转换到“int”，可能丢失数据
     1>PublicMethod.cpp(284): warning C4244: “=”: 从“double”转换到“LONG”，可能丢失数据
     1>PublicMethod.cpp(285): warning C4244: “=”: 从“double”转换到“LONG”，可能丢失数据
     1>PublicMethod.cpp(303): warning C4244: “=”: 从“double”转换到“int”，可能丢失数据
     1>PublicMethod.cpp(304): warning C4244: “=”: 从“double”转换到“int”，可能丢失数据
     1>PublicMethod.cpp(411): warning C4800: “BOOL”: 将值强制为布尔值“true”或“false”(性能警告)
         QuadTree.cpp
         Radar.cpp
     1>e:\vts\vts-radar\radar\radar\RadarView.h(138): warning C4091: “typedef ”: 没有声明变量时忽略“ARPA_RECORD”的左侧
     1>e:\vts\vts-radar\radar\radar\RadarView.h(146): warning C4091: “typedef ”: 没有声明变量时忽略“Demdata”的左侧
         RadarDoc.cpp
         ThreadRadar.cpp
     1>e:\vts\vts-radar\radar\radar\RadarView.h(138): warning C4091: “typedef ”: 没有声明变量时忽略“ARPA_RECORD”的左侧
     1>e:\vts\vts-radar\radar\radar\RadarView.h(146): warning C4091: “typedef ”: 没有声明变量时忽略“Demdata”的左侧
     1>e:\vts\vts-radar\radar\radar\PublicMethod.h(5): warning C4005: “PI”: 宏重定义
                 e:\vts\vts-radar\radar\radar\RadarView.h(38) : 参见“PI”的前一个定义
         RadarView.cpp
     1>e:\vts\vts-radar\radar\radar\RadarView.h(138): warning C4091: “typedef ”: 没有声明变量时忽略“ARPA_RECORD”的左侧
     1>e:\vts\vts-radar\radar\radar\RadarView.h(146): warning C4091: “typedef ”: 没有声明变量时忽略“Demdata”的左侧
     1>e:\vts\vts-radar\radar\radar\PublicMethod.h(5): warning C4005: “PI”: 宏重定义
                 e:\vts\vts-radar\radar\radar\RadarView.h(38) : 参见“PI”的前一个定义
     1>RadarView.cpp(391): warning C4244: “初始化”: 从“double”转换到“int”，可能丢失数据
     1>RadarView.cpp(392): warning C4244: “初始化”: 从“double”转换到“int”，可能丢失数据
     1>RadarView.cpp(393): warning C4244: “初始化”: 从“double”转换到“int”，可能丢失数据
     1>RadarView.cpp(394): warning C4244: “初始化”: 从“double”转换到“int”，可能丢失数据
     1>RadarView.cpp(395): warning C4244: “初始化”: 从“double”转换到“int”，可能丢失数据
     1>RadarView.cpp(396): warning C4244: “参数”: 从“int”转换到“Gdiplus::REAL”，可能丢失数据
     1>RadarView.cpp(397): warning C4244: “参数”: 从“int”转换到“Gdiplus::REAL”，可能丢失数据
     1>RadarView.cpp(398): warning C4244: “参数”: 从“int”转换到“Gdiplus::REAL”，可能丢失数据
     1>RadarView.cpp(399): warning C4244: “参数”: 从“int”转换到“Gdiplus::REAL”，可能丢失数据
     1>RadarView.cpp(400): warning C4244: “参数”: 从“int”转换到“Gdiplus::REAL”，可能丢失数据
     1>RadarView.cpp(405): warning C4244: “初始化”: 从“double”转换到“int”，可能丢失数据
     1>RadarView.cpp(406): warning C4244: “初始化”: 从“double”转换到“int”，可能丢失数据
     1>RadarView.cpp(409): warning C4244: “参数”: 从“LONG”转换到“Gdiplus::REAL”，可能丢失数据
     1>RadarView.cpp(411): warning C4244: “参数”: 从“LONG”转换到“Gdiplus::REAL”，可能丢失数据
     1>RadarView.cpp(413): warning C4018: “<”: 有符号/无符号不匹配
     1>RadarView.cpp(417): warning C4244: “参数”: 从“LONG”转换到“Gdiplus::REAL”，可能丢失数据
     1>RadarView.cpp(431): warning C4244: “参数”: 从“LONG”转换到“Gdiplus::REAL”，可能丢失数据
     1>RadarView.cpp(433): warning C4244: “参数”: 从“LONG”转换到“Gdiplus::REAL”，可能丢失数据
     1>RadarView.cpp(437): warning C4018: “<”: 有符号/无符号不匹配
     1>RadarView.cpp(441): warning C4244: “参数”: 从“LONG”转换到“Gdiplus::REAL”，可能丢失数据
     1>RadarView.cpp(447): warning C4244: “参数”: 从“LONG”转换到“Gdiplus::REAL”，可能丢失数据
     1>RadarView.cpp(449): warning C4244: “参数”: 从“LONG”转换到“Gdiplus::REAL”，可能丢失数据
     1>RadarView.cpp(453): warning C4018: “<”: 有符号/无符号不匹配
     1>RadarView.cpp(458): warning C4244: “参数”: 从“LONG”转换到“Gdiplus::REAL”，可能丢失数据
     1>RadarView.cpp(464): warning C4244: “参数”: 从“LONG”转换到“Gdiplus::REAL”，可能丢失数据
     1>RadarView.cpp(468): warning C4244: “参数”: 从“LONG”转换到“Gdiplus::REAL”，可能丢失数据
     1>RadarView.cpp(475): warning C4244: “参数”: 从“LONG”转换到“Gdiplus::REAL”，可能丢失数据
     1>RadarView.cpp(478): warning C4244: “参数”: 从“LONG”转换到“Gdiplus::REAL”，可能丢失数据
     1>RadarView.cpp(482): warning C4244: “参数”: 从“LONG”转换到“Gdiplus::REAL”，可能丢失数据
     1>RadarView.cpp(488): warning C4244: “参数”: 从“LONG”转换到“Gdiplus::REAL”，可能丢失数据
     1>RadarView.cpp(492): warning C4244: “参数”: 从“LONG”转换到“Gdiplus::REAL”，可能丢失数据
     1>RadarView.cpp(499): warning C4244: “参数”: 从“LONG”转换到“Gdiplus::REAL”，可能丢失数据
     1>RadarView.cpp(502): warning C4244: “参数”: 从“LONG”转换到“Gdiplus::REAL”，可能丢失数据
     1>RadarView.cpp(506): warning C4244: “参数”: 从“LONG”转换到“Gdiplus::REAL”，可能丢失数据
     1>RadarView.cpp(512): warning C4244: “参数”: 从“LONG”转换到“Gdiplus::REAL”，可能丢失数据
     1>RadarView.cpp(516): warning C4244: “参数”: 从“LONG”转换到“Gdiplus::REAL”，可能丢失数据
     1>RadarView.cpp(523): warning C4244: “参数”: 从“LONG”转换到“Gdiplus::REAL”，可能丢失数据
     1>RadarView.cpp(526): warning C4244: “参数”: 从“LONG”转换到“Gdiplus::REAL”，可能丢失数据
     1>RadarView.cpp(530): warning C4244: “参数”: 从“LONG”转换到“Gdiplus::REAL”，可能丢失数据
     1>RadarView.cpp(536): warning C4244: “参数”: 从“LONG”转换到“Gdiplus::REAL”，可能丢失数据
     1>RadarView.cpp(540): warning C4244: “参数”: 从“LONG”转换到“Gdiplus::REAL”，可能丢失数据
     1>RadarView.cpp(547): warning C4244: “参数”: 从“LONG”转换到“Gdiplus::REAL”，可能丢失数据
     1>RadarView.cpp(550): warning C4244: “参数”: 从“LONG”转换到“Gdiplus::REAL”，可能丢失数据
     1>RadarView.cpp(556): warning C4244: “参数”: 从“LONG”转换到“Gdiplus::REAL”，可能丢失数据
     1>RadarView.cpp(558): warning C4244: “参数”: 从“LONG”转换到“Gdiplus::REAL”，可能丢失数据
     1>RadarView.cpp(560): warning C4244: “参数”: 从“LONG”转换到“Gdiplus::REAL”，可能丢失数据
     1>RadarView.cpp(564): warning C4244: “参数”: 从“LONG”转换到“Gdiplus::REAL”，可能丢失数据
     1>RadarView.cpp(566): warning C4244: “参数”: 从“LONG”转换到“Gdiplus::REAL”，可能丢失数据
     1>RadarView.cpp(568): warning C4244: “参数”: 从“LONG”转换到“Gdiplus::REAL”，可能丢失数据
     1>RadarView.cpp(572): warning C4244: “参数”: 从“LONG”转换到“Gdiplus::REAL”，可能丢失数据
     1>RadarView.cpp(578): warning C4244: “参数”: 从“LONG”转换到“Gdiplus::REAL”，可能丢失数据
     1>RadarView.cpp(581): warning C4244: “参数”: 从“LONG”转换到“Gdiplus::REAL”，可能丢失数据
     1>RadarView.cpp(588): warning C4244: “参数”: 从“LONG”转换到“Gdiplus::REAL”，可能丢失数据
     1>RadarView.cpp(591): warning C4244: “参数”: 从“LONG”转换到“Gdiplus::REAL”，可能丢失数据
     1>RadarView.cpp(595): warning C4244: “参数”: 从“LONG”转换到“Gdiplus::REAL”，可能丢失数据
     1>RadarView.cpp(601): warning C4244: “参数”: 从“LONG”转换到“Gdiplus::REAL”，可能丢失数据
     1>RadarView.cpp(604): warning C4244: “参数”: 从“LONG”转换到“Gdiplus::REAL”，可能丢失数据
     1>RadarView.cpp(611): warning C4244: “参数”: 从“LONG”转换到“Gdiplus::REAL”，可能丢失数据
     1>RadarView.cpp(614): warning C4244: “参数”: 从“LONG”转换到“Gdiplus::REAL”，可能丢失数据
     1>RadarView.cpp(622): warning C4244: “参数”: 从“LONG”转换到“Gdiplus::REAL”，可能丢失数据
     1>RadarView.cpp(622): warning C4244: “参数”: 从“double”转换到“Gdiplus::REAL”，可能丢失数据
     1>RadarView.cpp(623): warning C4244: “参数”: 从“LONG”转换到“Gdiplus::REAL”，可能丢失数据
     1>RadarView.cpp(623): warning C4244: “参数”: 从“double”转换到“Gdiplus::REAL”，可能丢失数据
     1>RadarView.cpp(627): warning C4244: “参数”: 从“LONG”转换到“Gdiplus::REAL”，可能丢失数据
     1>RadarView.cpp(627): warning C4244: “参数”: 从“double”转换到“Gdiplus::REAL”，可能丢失数据
     1>RadarView.cpp(628): warning C4244: “参数”: 从“LONG”转换到“Gdiplus::REAL”，可能丢失数据
     1>RadarView.cpp(628): warning C4244: “参数”: 从“double”转换到“Gdiplus::REAL”，可能丢失数据
     1>RadarView.cpp(636): warning C4244: “参数”: 从“LONG”转换到“Gdiplus::REAL”，可能丢失数据
     1>RadarView.cpp(637): warning C4244: “参数”: 从“LONG”转换到“Gdiplus::REAL”，可能丢失数据
     1>RadarView.cpp(641): warning C4244: “参数”: 从“LONG”转换到“Gdiplus::REAL”，可能丢失数据
     1>RadarView.cpp(642): warning C4244: “参数”: 从“LONG”转换到“Gdiplus::REAL”，可能丢失数据
     1>RadarView.cpp(646): warning C4244: “参数”: 从“LONG”转换到“Gdiplus::REAL”，可能丢失数据
     1>RadarView.cpp(646): warning C4244: “参数”: 从“double”转换到“Gdiplus::REAL”，可能丢失数据
     1>RadarView.cpp(647): warning C4018: “<”: 有符号/无符号不匹配
     1>RadarView.cpp(650): warning C4244: “参数”: 从“LONG”转换到“Gdiplus::REAL”，可能丢失数据
     1>RadarView.cpp(652): warning C4244: “参数”: 从“LONG”转换到“Gdiplus::REAL”，可能丢失数据
     1>RadarView.cpp(654): warning C4244: “参数”: 从“LONG”转换到“Gdiplus::REAL”，可能丢失数据
     1>RadarView.cpp(656): warning C4244: “参数”: 从“LONG”转换到“Gdiplus::REAL”，可能丢失数据
     1>RadarView.cpp(662): warning C4244: “参数”: 从“LONG”转换到“Gdiplus::REAL”，可能丢失数据
     1>RadarView.cpp(662): warning C4244: “参数”: 从“double”转换到“Gdiplus::REAL”，可能丢失数据
     1>RadarView.cpp(663): warning C4244: “参数”: 从“LONG”转换到“Gdiplus::REAL”，可能丢失数据
     1>RadarView.cpp(663): warning C4244: “参数”: 从“double”转换到“Gdiplus::REAL”，可能丢失数据
     1>RadarView.cpp(668): warning C4244: “参数”: 从“LONG”转换到“Gdiplus::REAL”，可能丢失数据
     1>RadarView.cpp(668): warning C4244: “参数”: 从“double”转换到“Gdiplus::REAL”，可能丢失数据
     1>RadarView.cpp(669): warning C4244: “参数”: 从“LONG”转换到“Gdiplus::REAL”，可能丢失数据
     1>RadarView.cpp(669): warning C4244: “参数”: 从“double”转换到“Gdiplus::REAL”，可能丢失数据
     1>RadarView.cpp(675): warning C4244: “参数”: 从“LONG”转换到“Gdiplus::REAL”，可能丢失数据
     1>RadarView.cpp(675): warning C4244: “参数”: 从“double”转换到“Gdiplus::REAL”，可能丢失数据
     1>RadarView.cpp(677): warning C4244: “参数”: 从“LONG”转换到“Gdiplus::REAL”，可能丢失数据
     1>RadarView.cpp(677): warning C4244: “参数”: 从“double”转换到“Gdiplus::REAL”，可能丢失数据
     1>RadarView.cpp(679): warning C4244: “参数”: 从“LONG”转换到“Gdiplus::REAL”，可能丢失数据
     1>RadarView.cpp(679): warning C4244: “参数”: 从“double”转换到“Gdiplus::REAL”，可能丢失数据
     1>RadarView.cpp(683): warning C4244: “参数”: 从“LONG”转换到“Gdiplus::REAL”，可能丢失数据
     1>RadarView.cpp(683): warning C4244: “参数”: 从“double”转换到“Gdiplus::REAL”，可能丢失数据
     1>RadarView.cpp(685): warning C4244: “参数”: 从“LONG”转换到“Gdiplus::REAL”，可能丢失数据
     1>RadarView.cpp(687): warning C4244: “参数”: 从“LONG”转换到“Gdiplus::REAL”，可能丢失数据
     1>RadarView.cpp(692): warning C4244: “参数”: 从“LONG”转换到“Gdiplus::REAL”，可能丢失数据
     1>RadarView.cpp(696): warning C4244: “参数”: 从“LONG”转换到“Gdiplus::REAL”，可能丢失数据
     1>RadarView.cpp(698): warning C4244: “参数”: 从“LONG”转换到“Gdiplus::REAL”，可能丢失数据
     1>RadarView.cpp(705): warning C4244: “参数”: 从“LONG”转换到“Gdiplus::REAL”，可能丢失数据
     1>RadarView.cpp(712): warning C4244: “参数”: 从“LONG”转换到“Gdiplus::REAL”，可能丢失数据
     1>RadarView.cpp(715): warning C4244: “参数”: 从“LONG”转换到“Gdiplus::REAL”，可能丢失数据
     1>RadarView.cpp(724): warning C4244: “参数”: 从“LONG”转换到“Gdiplus::REAL”，可能丢失数据
     1>RadarView.cpp(726): warning C4244: “参数”: 从“LONG”转换到“Gdiplus::REAL”，可能丢失数据
     1>RadarView.cpp(731): warning C4244: “参数”: 从“LONG”转换到“Gdiplus::REAL”，可能丢失数据
     1>RadarView.cpp(733): warning C4244: “参数”: 从“LONG”转换到“Gdiplus::REAL”，可能丢失数据
     1>RadarView.cpp(743): warning C4244: “参数”: 从“LONG”转换到“Gdiplus::REAL”，可能丢失数据
     1>RadarView.cpp(745): warning C4244: “参数”: 从“LONG”转换到“Gdiplus::REAL”，可能丢失数据
     1>RadarView.cpp(750): warning C4244: “参数”: 从“LONG”转换到“Gdiplus::REAL”，可能丢失数据
     1>RadarView.cpp(752): warning C4244: “参数”: 从“LONG”转换到“Gdiplus::REAL”，可能丢失数据
     1>RadarView.cpp(768): warning C4244: “参数”: 从“LONG”转换到“Gdiplus::REAL”，可能丢失数据
     1>RadarView.cpp(771): warning C4244: “参数”: 从“LONG”转换到“Gdiplus::REAL”，可能丢失数据
     1>RadarView.cpp(783): warning C4244: “参数”: 从“LONG”转换到“Gdiplus::REAL”，可能丢失数据
     1>RadarView.cpp(786): warning C4244: “参数”: 从“LONG”转换到“Gdiplus::REAL”，可能丢失数据
     1>RadarView.cpp(798): warning C4244: “参数”: 从“LONG”转换到“Gdiplus::REAL”，可能丢失数据
     1>RadarView.cpp(801): warning C4244: “参数”: 从“LONG”转换到“Gdiplus::REAL”，可能丢失数据
     1>RadarView.cpp(813): warning C4244: “参数”: 从“LONG”转换到“Gdiplus::REAL”，可能丢失数据
     1>RadarView.cpp(816): warning C4244: “参数”: 从“LONG”转换到“Gdiplus::REAL”，可能丢失数据
     1>RadarView.cpp(828): warning C4244: “参数”: 从“LONG”转换到“Gdiplus::REAL”，可能丢失数据
     1>RadarView.cpp(831): warning C4244: “参数”: 从“LONG”转换到“Gdiplus::REAL”，可能丢失数据
     1>RadarView.cpp(846): warning C4244: “参数”: 从“LONG”转换到“Gdiplus::REAL”，可能丢失数据
     1>RadarView.cpp(959): warning C4244: “初始化”: 从“double”转换到“int”，可能丢失数据
     1>RadarView.cpp(1059): warning C4244: “参数”: 从“INT”转换到“Gdiplus::REAL”，可能丢失数据
     1>RadarView.cpp(1061): warning C4244: “参数”: 从“INT”转换到“Gdiplus::REAL”，可能丢失数据
     1>RadarView.cpp(1066): warning C4018: “<”: 有符号/无符号不匹配
     1>RadarView.cpp(1077): warning C4244: “参数”: 从“double”转换到“INT”，可能丢失数据
     1>RadarView.cpp(1082): warning C4244: “参数”: 从“double”转换到“INT”，可能丢失数据
     1>RadarView.cpp(1124): warning C4018: “<”: 有符号/无符号不匹配
     1>RadarView.cpp(1145): warning C4244: “参数”: 从“double”转换到“INT”，可能丢失数据
     1>RadarView.cpp(1146): warning C4244: “参数”: 从“double”转换到“INT”，可能丢失数据
     1>RadarView.cpp(1149): warning C4244: “参数”: 从“double”转换到“Gdiplus::REAL”，可能丢失数据
     1>RadarView.cpp(1161): warning C4244: “参数”: 从“double”转换到“INT”，可能丢失数据
     1>RadarView.cpp(1162): warning C4244: “参数”: 从“double”转换到“INT”，可能丢失数据
     1>RadarView.cpp(1258): warning C4018: “<”: 有符号/无符号不匹配
     1>RadarView.cpp(1337): warning C4244: “参数”: 从“LONG”转换到“float”，可能丢失数据
     1>RadarView.cpp(1350): warning C4244: “参数”: 从“LONG”转换到“float”，可能丢失数据
     1>RadarView.cpp(1407): warning C4018: “<”: 有符号/无符号不匹配
     1>RadarView.cpp(1705): warning C4018: “>=”: 有符号/无符号不匹配
     1>RadarView.cpp(1790): warning C4018: “>”: 有符号/无符号不匹配
     1>RadarView.cpp(1799): warning C4018: “>”: 有符号/无符号不匹配
     1>RadarView.cpp(1808): warning C4018: “>”: 有符号/无符号不匹配
     1>RadarView.cpp(1817): warning C4018: “>”: 有符号/无符号不匹配
     1>RadarView.cpp(1826): warning C4018: “>”: 有符号/无符号不匹配
     1>RadarView.cpp(1847): warning C4018: “<”: 有符号/无符号不匹配
     1>RadarView.cpp(2242): warning C4244: “=”: 从“double”转换到“float”，可能丢失数据
     1>RadarView.cpp(2259): warning C4244: “初始化”: 从“double”转换到“float”，可能丢失数据
     1>RadarView.cpp(2276): warning C4244: “初始化”: 从“double”转换到“float”，可能丢失数据
     1>RadarView.cpp(2292): warning C4244: “=”: 从“double”转换到“float”，可能丢失数据
     1>RadarView.cpp(2550): warning C4244: “初始化”: 从“double”转换到“float”，可能丢失数据
     1>RadarView.cpp(2567): warning C4244: “初始化”: 从“double”转换到“float”，可能丢失数据
     1>RadarView.cpp(2585): warning C4244: “初始化”: 从“double”转换到“float”，可能丢失数据
     1>RadarView.cpp(2623): warning C4244: “初始化”: 从“double”转换到“float”，可能丢失数据
     1>RadarView.cpp(2640): warning C4244: “初始化”: 从“double”转换到“float”，可能丢失数据
     1>RadarView.cpp(2658): warning C4244: “初始化”: 从“double”转换到“float”，可能丢失数据
     1>RadarView.cpp(2168): warning C4101: “lShipID”: 未引用的局部变量
     1>RadarView.cpp(3729): warning C4244: “=”: 从“double”转换到“int”，可能丢失数据
     1>RadarView.cpp(3730): warning C4244: “=”: 从“double”转换到“int”，可能丢失数据
         RWLockImpl.cpp
         ShipDataService.cpp
     1>ShipDataService.cpp(112): warning C4244: “初始化”: 从“wchar_t”转换到“char”，可能丢失数据
     1>ShipDataService.cpp(115): warning C4244: “初始化”: 从“wchar_t”转换到“char”，可能丢失数据
     1>ShipDataService.cpp(447): warning C4101: “e”: 未引用的局部变量
     1>ShipDataService.cpp(828): warning C4101: “e”: 未引用的局部变量
     1>ShipDataService.cpp(1223): warning C4101: “e”: 未引用的局部变量
     1>ShipDataService.cpp(1626): warning C4101: “e”: 未引用的局部变量
     1>ShipDataService.cpp(1717): warning C4101: “e”: 未引用的局部变量
     1>ShipDataService.cpp(1735): warning C4244: “=”: 从“double”转换到“int”，可能丢失数据
     1>ShipDataService.cpp(1737): warning C4244: “=”: 从“double”转换到“int”，可能丢失数据
         ThreadVts.cpp
     1>e:\vts\vts-radar\radar\radar\RadarView.h(138): warning C4091: “typedef ”: 没有声明变量时忽略“ARPA_RECORD”的左侧
     1>e:\vts\vts-radar\radar\radar\RadarView.h(146): warning C4091: “typedef ”: 没有声明变量时忽略“Demdata”的左侧
     1>e:\vts\vts-radar\radar\radar\PublicMethod.h(5): warning C4005: “PI”: 宏重定义
                 e:\vts\vts-radar\radar\radar\RadarView.h(38) : 参见“PI”的前一个定义
     1>ThreadVts.cpp(97): warning C4018: “<”: 有符号/无符号不匹配
     1>ThreadVts.cpp(119): warning C4018: “<”: 有符号/无符号不匹配
         正在编译...
         vtsDEM.cpp
     1>vtsDEM.cpp(50): warning C4244: “初始化”: 从“double”转换到“int”，可能丢失数据
     1>vtsDEM.cpp(56): warning C4244: “初始化”: 从“double”转换到“const int”，可能丢失数据
     1>vtsDEM.cpp(57): warning C4244: “初始化”: 从“double”转换到“const int”，可能丢失数据
         vtsDemData.cpp
     1>vtsDemData.cpp(154): warning C4244: “初始化”: 从“double”转换到“float”，可能丢失数据
     1>vtsDemData.cpp(211): warning C4244: “初始化”: 从“double”转换到“float”，可能丢失数据
     1>vtsDemData.cpp(249): warning C4244: “参数”: 从“double”转换到“float”，可能丢失数据
         vtsRadar.cpp
     1>vtsRadar.cpp(279): warning C4018: “<”: 有符号/无符号不匹配
     1>vtsRadar.cpp(306): warning C4018: “<”: 有符号/无符号不匹配
     1>vtsRadar.cpp(309): warning C4018: “<”: 有符号/无符号不匹配
     1>vtsRadar.cpp(323): warning C4018: “<”: 有符号/无符号不匹配
     1>vtsRadar.cpp(326): warning C4018: “<”: 有符号/无符号不匹配
     1>vtsRadar.cpp(332): warning C4018: “<”: 有符号/无符号不匹配
     1>vtsRadar.cpp(396): warning C4101: “e”: 未引用的局部变量
     1>vtsRadar.cpp(459): warning C4018: “<”: 有符号/无符号不匹配
     1>vtsRadar.cpp(460): warning C4018: “<”: 有符号/无符号不匹配
     1>vtsRadar.cpp(611): warning C4018: “<”: 有符号/无符号不匹配
     1>vtsRadar.cpp(616): warning C4018: “<”: 有符号/无符号不匹配
     1>vtsRadar.cpp(765): warning C4018: “>=”: 有符号/无符号不匹配
     1>vtsRadar.cpp(769): warning C4018: “>=”: 有符号/无符号不匹配
     1>vtsRadar.cpp(788): warning C4018: “<”: 有符号/无符号不匹配
     1>vtsRadar.cpp(829): warning C4244: “初始化”: 从“double”转换到“const float”，可能丢失数据
     1>vtsRadar.cpp(830): warning C4244: “初始化”: 从“double”转换到“const float”，可能丢失数据
     1>vtsRadar.cpp(833): warning C4018: “<”: 有符号/无符号不匹配
     1>vtsRadar.cpp(845): warning C4018: “<”: 有符号/无符号不匹配
     1>vtsRadar.cpp(857): warning C4018: “<”: 有符号/无符号不匹配
     1>vtsRadar.cpp(870): warning C4018: “<”: 有符号/无符号不匹配
     1>vtsRadar.cpp(883): warning C4018: “<”: 有符号/无符号不匹配
     1>vtsRadar.cpp(901): warning C4018: “<”: 有符号/无符号不匹配
     1>vtsRadar.cpp(843): warning C4101: “obsH”: 未引用的局部变量
     1>vtsRadar.cpp(913): warning C4244: “=”: 从“int”转换到“Gdiplus::REAL”，可能丢失数据
     1>vtsRadar.cpp(914): warning C4244: “=”: 从“int”转换到“Gdiplus::REAL”，可能丢失数据
     1>vtsRadar.cpp(919): warning C4244: “=”: 从“int”转换到“Gdiplus::REAL”，可能丢失数据
     1>vtsRadar.cpp(920): warning C4244: “=”: 从“int”转换到“Gdiplus::REAL”，可能丢失数据
     1>vtsRadar.cpp(967): warning C4244: “初始化”: 从“double”转换到“int”，可能丢失数据
     1>vtsRadar.cpp(1010): warning C4244: “初始化”: 从“const double”转换到“int”，可能丢失数据
     1>vtsRadar.cpp(1012): warning C4244: “初始化”: 从“const double”转换到“int”，可能丢失数据
       ResourceCompile:
         C:\Program Files (x86)\Windows Kits\8.1\bin\x86\rc.exe /D NDEBUG /D _UNICODE /D UNICODE /D _AFXDLL /l"0x0804" /IRelease\ /nologo /fo"Release\Radar.res" Radar.rc 
       Link:
         C:\Program Files (x86)\Microsoft Visual Studio 12.0\VC\bin\link.exe /ERRORREPORT:PROMPT /OUT:"E:\VTS\vts-radar\Radar\Release\Radar.exe" /INCREMENTAL:NO /NOLOGO /MANIFEST /MANIFESTUAC:"level='asInvoker' uiAccess='false'" /manifest:embed /manifestinput:"C:\Program Files (x86)\Microsoft Visual Studio 12.0\VC\Include\Manifest\dpiaware.manifest" /DEBUG /PDB:"E:\VTS\vts-radar\Radar\Release\Radar.pdb" /SUBSYSTEM:WINDOWS /OPT:REF /OPT:ICF /LTCG /TLBID:1 /ENTRY:"wWinMainCRTStartup" /DYNAMICBASE /NXCOMPAT /IMPLIB:"E:\VTS\vts-radar\Radar\Release\Radar.lib" /MACHINE:X86 /SAFESEH Release\Radar.res
         Release\aisdecode.obj
         Release\BitmapEx.obj
         Release\DemTools.obj
         Release\GlobalVariables.obj
         Release\Host.obj
         Release\MyMemDC.obj
         Release\ShipInfo.obj
         Release\ThreadLiGongConnect.obj
         Release\IPConfig.obj
         Release\MainFrm.obj
         Release\MyString.obj
         Release\PublicMethod.obj
         Release\QuadTree.obj
         Release\Radar.obj
         Release\RadarDoc.obj
         Release\ThreadRadar.obj
         Release\RadarView.obj
         Release\RWLockImpl.obj
         Release\ShipDataService.obj
         Release\stdafx.obj
         Release\ThreadVts.obj
         Release\vtsDEM.obj
         Release\vtsDemData.obj
         Release\vtsRadar.obj
         正在生成代码
     1>e:\vts\vts-radar\radar\radar\host.cpp(43): warning C4715: “BlackHost::insert”: 不是所有的控件路径都返回值
         已完成代码的生成
         Radar.vcxproj -> E:\VTS\vts-radar\Radar\Release\Radar.exe
     1>已完成生成项目“E:\VTS\vts-radar\Radar\Radar\Radar.vcxproj”(Build 个目标)的操作。

生成成功。

已用时间 00:00:17.05
