e:\vts\雷达2.3\radar\radar\release\radar.pch
e:\vts\雷达2.3\radar\radar\release\vc120.pdb
e:\vts\雷达2.3\radar\radar\release\stdafx.obj
e:\vts\雷达2.3\radar\radar\release\shipdataservice.obj
e:\vts\雷达2.3\radar\radar\release\rwlockimpl.obj
e:\vts\雷达2.3\radar\radar\release\radarview.obj
e:\vts\雷达2.3\radar\radar\release\radardoc.obj
e:\vts\雷达2.3\radar\radar\release\radar.obj
e:\vts\雷达2.3\radar\radar\release\quadtree.obj
e:\vts\雷达2.3\radar\radar\release\publicmethod.obj
e:\vts\雷达2.3\radar\radar\release\mainfrm.obj
e:\vts\雷达2.3\radar\radar\release\ipconfig.obj
e:\vts\雷达2.3\radar\radar\release\demtools.obj
e:\vts\雷达2.3\radar\radar\release\bitmapex.obj
e:\vts\雷达2.3\radar\radar\release\aisdecode.obj
e:\vts\雷达2.3\radar\radar\release\vtsdem.obj
e:\vts\雷达2.3\radar\radar\release\vtsradar.obj
e:\vts\雷达2.3\radar\radar\release\vtsdemdata.obj
e:\vts\雷达2.3\radar\radar\release\mystring.obj
e:\vts\雷达2.3\radar\release\radar.exe
e:\vts\雷达2.3\radar\release\radar.pdb
e:\vts\雷达2.3\radar\radar\release\radar.res
e:\vts\雷达2.3\radar\radar\release\radar.tlog\cl.command.1.tlog
e:\vts\雷达2.3\radar\radar\release\radar.tlog\cl.read.1.tlog
e:\vts\雷达2.3\radar\radar\release\radar.tlog\cl.write.1.tlog
e:\vts\雷达2.3\radar\radar\release\radar.tlog\link.command.1.tlog
e:\vts\雷达2.3\radar\radar\release\radar.tlog\link.read.1.tlog
e:\vts\雷达2.3\radar\radar\release\radar.tlog\link.write.1.tlog
e:\vts\雷达2.3\radar\radar\release\radar.tlog\rc.command.1.tlog
e:\vts\雷达2.3\radar\radar\release\radar.tlog\rc.read.1.tlog
e:\vts\雷达2.3\radar\radar\release\radar.tlog\rc.write.1.tlog
