c:\雷达2.3\radar\filetools\debug\filetools.pch
c:\雷达2.3\radar\filetools\debug\vc120.pdb
c:\雷达2.3\radar\filetools\debug\vc120.idb
c:\雷达2.3\radar\filetools\debug\stdafx.obj
c:\雷达2.3\radar\filetools\debug\quadtree.obj
c:\雷达2.3\radar\filetools\debug\filetools.obj
c:\雷达2.3\radar\filetools\debug\filetools.res
c:\雷达2.3\radar\debug\filetools.pdb
c:\雷达2.3\radar\filetools\debug\filetools.tlog\cl.command.1.tlog
c:\雷达2.3\radar\filetools\debug\filetools.tlog\cl.read.1.tlog
c:\雷达2.3\radar\filetools\debug\filetools.tlog\cl.write.1.tlog
c:\雷达2.3\radar\filetools\debug\filetools.tlog\link-cvtres.read.1.tlog
c:\雷达2.3\radar\filetools\debug\filetools.tlog\link-cvtres.write.1.tlog
c:\雷达2.3\radar\filetools\debug\filetools.tlog\link-mt.read.1.tlog
c:\雷达2.3\radar\filetools\debug\filetools.tlog\link-mt.write.1.tlog
c:\雷达2.3\radar\filetools\debug\filetools.tlog\link-rc.read.1.tlog
c:\雷达2.3\radar\filetools\debug\filetools.tlog\link-rc.write.1.tlog
c:\雷达2.3\radar\filetools\debug\filetools.tlog\link.command.1.tlog
c:\雷达2.3\radar\filetools\debug\filetools.tlog\link.read.1.tlog
c:\雷达2.3\radar\filetools\debug\filetools.tlog\link.write.1.tlog
c:\雷达2.3\radar\filetools\debug\filetools.tlog\rc.command.1.tlog
c:\雷达2.3\radar\filetools\debug\filetools.tlog\rc.read.1.tlog
c:\雷达2.3\radar\filetools\debug\filetools.tlog\rc.write.1.tlog
