生成启动时间为 2019\3\23 星期六 19:41:08。
     1>项目“E:\VTS\雷达2.3\Radar\FileTools\FileTools.vcxproj”在节点 3 上(Rebuild 个目标)。
     1>ClCompile:
         C:\Program Files (x86)\Microsoft Visual Studio 12.0\VC\bin\CL.exe /c /Zi /nologo /W3 /WX- /sdl /O2 /Oi /Oy- /GL /D WIN32 /D NDEBUG /D _CONSOLE /D _LIB /D _UNICODE /D UNICODE /D _AFXDLL /Gm- /EHsc /MD /GS /Gy /fp:precise /Zc:wchar_t /Zc:forScope /Yc"stdafx.h" /Fp"Release\FileTools.pch" /Fo"Release\\" /Fd"Release\vc120.pdb" /Gd /TP /analyze- /errorReport:prompt stdafx.cpp
         stdafx.cpp
         C:\Program Files (x86)\Microsoft Visual Studio 12.0\VC\bin\CL.exe /c /Zi /nologo /W3 /WX- /sdl /O2 /Oi /Oy- /GL /D WIN32 /D NDEBUG /D _CONSOLE /D _LIB /D _UNICODE /D UNICODE /D _AFXDLL /Gm- /EHsc /MD /GS /Gy /fp:precise /Zc:wchar_t /Zc:forScope /Yu"stdafx.h" /Fp"Release\FileTools.pch" /Fo"Release\\" /Fd"Release\vc120.pdb" /Gd /TP /analyze- /errorReport:prompt ..\Radar\BitmapEx.cpp ..\Radar\DemTools.cpp ..\Radar\PublicMethod.cpp ..\Radar\QuadTree.cpp FileTools.cpp
         BitmapEx.cpp
     1>..\Radar\BitmapEx.cpp(169): error C4996: '_wfopen': This function or variable may be unsafe. Consider using _wfopen_s instead. To disable deprecation, use _CRT_SECURE_NO_WARNINGS. See online help for details.
                 C:\Program Files (x86)\Microsoft Visual Studio 12.0\VC\include\stdio.h(590) : 参见“_wfopen”的声明
         DemTools.cpp
     1>..\Radar\DemTools.cpp(117): warning C4244: “参数”: 从“float”转换到“int”，可能丢失数据
     1>..\Radar\DemTools.cpp(144): warning C4018: “<”: 有符号/无符号不匹配
     1>..\Radar\DemTools.cpp(219): warning C4244: “初始化”: 从“double”转换到“int”，可能丢失数据
     1>..\Radar\DemTools.cpp(220): warning C4244: “初始化”: 从“double”转换到“int”，可能丢失数据
     1>..\Radar\DemTools.cpp(248): warning C4244: “=”: 从“double”转换到“float”，可能丢失数据
     1>..\Radar\DemTools.cpp(230): warning C4101: “height”: 未引用的局部变量
     1>..\Radar\DemTools.cpp(447): warning C4244: “初始化”: 从“double”转换到“int”，可能丢失数据
     1>..\Radar\DemTools.cpp(448): warning C4244: “初始化”: 从“double”转换到“int”，可能丢失数据
     1>..\Radar\DemTools.cpp(481): warning C4244: “初始化”: 从“double”转换到“float”，可能丢失数据
         PublicMethod.cpp
     1>..\Radar\PublicMethod.cpp(14): warning C4005: “PI”: 宏重定义
                 e:\vts\雷达2.3\radar\radar\PublicMethod.h(5) : 参见“PI”的前一个定义
     1>..\Radar\PublicMethod.cpp(59): warning C4101: “latitude0”: 未引用的局部变量
     1>..\Radar\PublicMethod.cpp(201): warning C4244: “初始化”: 从“std::streamoff”转换到“size_t”，可能丢失数据
     1>..\Radar\PublicMethod.cpp(203): warning C4244: “初始化”: 从“std::streamoff”转换到“size_t”，可能丢失数据
     1>..\Radar\PublicMethod.cpp(211): warning C4244: “初始化”: 从“std::streamoff”转换到“size_t”，可能丢失数据
     1>..\Radar\PublicMethod.cpp(213): warning C4244: “初始化”: 从“std::streamoff”转换到“size_t”，可能丢失数据
     1>..\Radar\PublicMethod.cpp(222): warning C4244: “初始化”: 从“double”转换到“int”，可能丢失数据
     1>..\Radar\PublicMethod.cpp(277): warning C4244: “=”: 从“double”转换到“LONG”，可能丢失数据
     1>..\Radar\PublicMethod.cpp(278): warning C4244: “=”: 从“double”转换到“LONG”，可能丢失数据
     1>..\Radar\PublicMethod.cpp(296): warning C4244: “=”: 从“double”转换到“int”，可能丢失数据
     1>..\Radar\PublicMethod.cpp(297): warning C4244: “=”: 从“double”转换到“int”，可能丢失数据
     1>..\Radar\PublicMethod.cpp(404): warning C4800: “BOOL”: 将值强制为布尔值“true”或“false”(性能警告)
         QuadTree.cpp
         FileTools.cpp
     1>FileTools.cpp(324): warning C4244: “=”: 从“double”转换到“long”，可能丢失数据
     1>FileTools.cpp(325): warning C4244: “=”: 从“double”转换到“long”，可能丢失数据
     1>FileTools.cpp(330): warning C4244: “=”: 从“double”转换到“long”，可能丢失数据
     1>FileTools.cpp(331): warning C4244: “=”: 从“double”转换到“long”，可能丢失数据
     1>FileTools.cpp(426): warning C4244: “=”: 从“double”转换到“int”，可能丢失数据
     1>FileTools.cpp(427): warning C4244: “=”: 从“double”转换到“int”，可能丢失数据
     1>FileTools.cpp(585): error C4996: 'scanf': This function or variable may be unsafe. Consider using scanf_s instead. To disable deprecation, use _CRT_SECURE_NO_WARNINGS. See online help for details.
                 C:\Program Files (x86)\Microsoft Visual Studio 12.0\VC\include\stdio.h(283) : 参见“scanf”的声明
     1>FileTools.cpp(597): warning C4018: “<”: 有符号/无符号不匹配
     1>FileTools.cpp(649): warning C4018: “<”: 有符号/无符号不匹配
     1>FileTools.cpp(651): warning C4018: “<”: 有符号/无符号不匹配
     1>FileTools.cpp(788): warning C4018: “<”: 有符号/无符号不匹配
     1>FileTools.cpp(865): warning C4018: “<”: 有符号/无符号不匹配
     1>FileTools.cpp(1041): warning C4018: “<”: 有符号/无符号不匹配
     1>FileTools.cpp(1056): warning C4018: “<”: 有符号/无符号不匹配
     1>FileTools.cpp(1058): warning C4244: “初始化”: 从“double”转换到“int”，可能丢失数据
     1>FileTools.cpp(1059): warning C4244: “初始化”: 从“double”转换到“int”，可能丢失数据
     1>FileTools.cpp(1072): warning C4244: “=”: 从“double”转换到“int”，可能丢失数据
     1>FileTools.cpp(1077): warning C4244: “=”: 从“double”转换到“int”，可能丢失数据
     1>FileTools.cpp(1082): warning C4244: “=”: 从“double”转换到“int”，可能丢失数据
     1>FileTools.cpp(1087): warning C4244: “=”: 从“double”转换到“int”，可能丢失数据
     1>FileTools.cpp(1177): warning C4018: “<”: 有符号/无符号不匹配
     1>FileTools.cpp(1330): warning C4244: “=”: 从“wchar_t”转换到“char”，可能丢失数据
     1>已完成生成项目“E:\VTS\雷达2.3\Radar\FileTools\FileTools.vcxproj”(Rebuild 个目标)的操作 - 失败。

生成失败。

已用时间 00:00:06.51
